<?xml version="1.0" encoding="UTF-8" ?>
<testsuite tests="11" failures="0" name="fr.ngando.person.util.UtilsTest" time="0.033" errors="0" skipped="0">
  <properties>
[...]
</properties>
  <testcase classname="fr.ngando.person.util.UtilsTest" name="verif_Mail_Ko_Si_Pas_Aero" time="0.029"/>
  <testcase classname="fr.ngando.person.util.UtilsTest" name="verif_Telephone_KO_SI_COMMENCE_PAR_PLUS33_Et_PLUS_DE_9Chiffres" time="0"/>
  <testcase classname="fr.ngando.person.util.UtilsTest" name="verif_Mail_Ko_Si_Pas_Finir_Par_PointQuelqueChose" time="0.001"/>
  <testcase classname="fr.ngando.person.util.UtilsTest" name="verif_Mail_OK_Si_Possede_Aero_Et_Finis_Par_PointQuelqueChose" time="0"/>
  <testcase classname="fr.ngando.person.util.UtilsTest" name="verif_Telephone_KO_SI_CONTIENT_UNE_LETTRE" time="0.001"/>
  <testcase classname="fr.ngando.person.util.UtilsTest" name="verif_Telephone_KO_SI_COMMENCE_PAS_PAR_PLUS33_OU_0" time="0"/>
  <testcase classname="fr.ngando.person.util.UtilsTest" name="verif_Telephone_KO_SI_COMMENCE_PAR_0_Et_PLUS_DE_10Chiffres" time="0.001"/>
  <testcase classname="fr.ngando.person.util.UtilsTest" name="verif_Telephone_KO_SI_COMMENCE_PAR_PLUS33_Et_Moins_DE_9Chiffres" time="0"/>
  <testcase classname="fr.ngando.person.util.UtilsTest" name="verif_Telephone_OK_SI_COMMENCE_PAR_PLUS33_9Chiffres" time="0.001"/>
  <testcase classname="fr.ngando.person.util.UtilsTest" name="verif_Telephone_KO_SI_COMMENCE_PAR_0_Et_Moins_DE_10Chiffres" time="0"/>
  <testcase classname="fr.ngando.person.util.UtilsTest" name="verif_Telephone_OK_SI_COMMENCE_0_Et_10Chiffres" time="0"/>
</testsuite>